{"/Users/abhishekravula/work/TDD-Demo-TodoList-App/server/src/app.ts": {"path":"/Users/abhishekravula/work/TDD-Demo-TodoList-App/server/src/app.ts","statementMap":{"0":{"start":{"line":1,"column":0},"end":{"line":1,"column":30}},"1":{"start":{"line":2,"column":0},"end":{"line":2,"column":41}},"2":{"start":{"line":3,"column":0},"end":{"line":3,"column":24}},"3":{"start":{"line":5,"column":12},"end":{"line":5,"column":21}},"4":{"start":{"line":7,"column":0},"end":{"line":7,"column":16}},"5":{"start":{"line":9,"column":0},"end":{"line":9,"column":49}},"6":{"start":{"line":11,"column":0},"end":{"line":11,"column":24}},"7":{"start":{"line":13,"column":0},"end":{"line":13,"column":31}},"8":{"start":{"line":15,"column":0},"end":{"line":15,"column":19}}},"fnMap":{},"branchMap":{},"s":{"0":1,"1":1,"2":1,"3":1,"4":1,"5":1,"6":1,"7":1,"8":1},"f":{},"b":{}}
,"/Users/abhishekravula/work/TDD-Demo-TodoList-App/server/src/routes/todos.ts": {"path":"/Users/abhishekravula/work/TDD-Demo-TodoList-App/server/src/routes/todos.ts","statementMap":{"0":{"start":{"line":1,"column":0},"end":{"line":1,"column":53}},"1":{"start":{"line":3,"column":15},"end":{"line":3,"column":31}},"2":{"start":{"line":11,"column":11},"end":{"line":22,"column":2}},"3":{"start":{"line":25,"column":0},"end":{"line":27,"column":3}},"4":{"start":{"line":26,"column":2},"end":{"line":26,"column":41}},"5":{"start":{"line":30,"column":0},"end":{"line":39,"column":3}},"6":{"start":{"line":31,"column":13},"end":{"line":31,"column":26}},"7":{"start":{"line":32,"column":19},"end":{"line":32,"column":67}},"8":{"start":{"line":32,"column":48},"end":{"line":32,"column":66}},"9":{"start":{"line":34,"column":2},"end":{"line":36,"column":null}},"10":{"start":{"line":35,"column":4},"end":{"line":35,"column":42}},"11":{"start":{"line":38,"column":2},"end":{"line":38,"column":31}},"12":{"start":{"line":42,"column":0},"end":{"line":57,"column":3}},"13":{"start":{"line":43,"column":26},"end":{"line":43,"column":39}},"14":{"start":{"line":44,"column":2},"end":{"line":46,"column":null}},"15":{"start":{"line":45,"column":4},"end":{"line":45,"column":33}},"16":{"start":{"line":48,"column":22},"end":{"line":52,"column":4}},"17":{"start":{"line":54,"column":2},"end":{"line":54,"column":30}},"18":{"start":{"line":56,"column":2},"end":{"line":56,"column":31}},"19":{"start":{"line":60,"column":0},"end":{"line":79,"column":3}},"20":{"start":{"line":61,"column":19},"end":{"line":61,"column":27}},"21":{"start":{"line":62,"column":13},"end":{"line":62,"column":26}},"22":{"start":{"line":63,"column":24},"end":{"line":63,"column":77}},"23":{"start":{"line":63,"column":58},"end":{"line":63,"column":76}},"24":{"start":{"line":65,"column":2},"end":{"line":71,"column":null}},"25":{"start":{"line":70,"column":4},"end":{"line":70,"column":33}},"26":{"start":{"line":73,"column":2},"end":{"line":76,"column":4}},"27":{"start":{"line":78,"column":2},"end":{"line":78,"column":56}},"28":{"start":{"line":82,"column":0},"end":{"line":93,"column":3}},"29":{"start":{"line":83,"column":13},"end":{"line":83,"column":26}},"30":{"start":{"line":84,"column":24},"end":{"line":84,"column":77}},"31":{"start":{"line":84,"column":58},"end":{"line":84,"column":76}},"32":{"start":{"line":86,"column":2},"end":{"line":88,"column":null}},"33":{"start":{"line":87,"column":4},"end":{"line":87,"column":33}},"34":{"start":{"line":90,"column":2},"end":{"line":90,"column":37}},"35":{"start":{"line":92,"column":2},"end":{"line":92,"column":41}},"36":{"start":{"line":95,"column":0},"end":{"line":95,"column":22}}},"fnMap":{"0":{"name":"(anonymous_1)","decl":{"start":{"line":25,"column":16},"end":{"line":25,"column":17}},"loc":{"start":{"line":25,"column":48},"end":{"line":27,"column":1}}},"1":{"name":"(anonymous_2)","decl":{"start":{"line":30,"column":19},"end":{"line":30,"column":20}},"loc":{"start":{"line":30,"column":51},"end":{"line":39,"column":1}}},"2":{"name":"(anonymous_3)","decl":{"start":{"line":32,"column":34},"end":{"line":32,"column":35}},"loc":{"start":{"line":32,"column":48},"end":{"line":32,"column":66}}},"3":{"name":"(anonymous_4)","decl":{"start":{"line":42,"column":17},"end":{"line":42,"column":18}},"loc":{"start":{"line":42,"column":49},"end":{"line":57,"column":1}}},"4":{"name":"(anonymous_5)","decl":{"start":{"line":60,"column":21},"end":{"line":60,"column":22}},"loc":{"start":{"line":60,"column":53},"end":{"line":79,"column":1}}},"5":{"name":"(anonymous_6)","decl":{"start":{"line":63,"column":44},"end":{"line":63,"column":45}},"loc":{"start":{"line":63,"column":58},"end":{"line":63,"column":76}}},"6":{"name":"(anonymous_7)","decl":{"start":{"line":82,"column":22},"end":{"line":82,"column":23}},"loc":{"start":{"line":82,"column":54},"end":{"line":93,"column":1}}},"7":{"name":"(anonymous_8)","decl":{"start":{"line":84,"column":44},"end":{"line":84,"column":45}},"loc":{"start":{"line":84,"column":58},"end":{"line":84,"column":76}}}},"branchMap":{"0":{"loc":{"start":{"line":34,"column":2},"end":{"line":36,"column":null}},"type":"if","locations":[{"start":{"line":34,"column":2},"end":{"line":36,"column":null}}]},"1":{"loc":{"start":{"line":44,"column":2},"end":{"line":46,"column":null}},"type":"if","locations":[{"start":{"line":44,"column":2},"end":{"line":46,"column":null}}]},"2":{"loc":{"start":{"line":44,"column":6},"end":{"line":44,"column":61}},"type":"binary-expr","locations":[{"start":{"line":44,"column":6},"end":{"line":44,"column":22}},{"start":{"line":44,"column":26},"end":{"line":44,"column":61}}]},"3":{"loc":{"start":{"line":65,"column":2},"end":{"line":71,"column":null}},"type":"if","locations":[{"start":{"line":65,"column":2},"end":{"line":71,"column":null}}]},"4":{"loc":{"start":{"line":66,"column":4},"end":{"line":68,"column":56}},"type":"binary-expr","locations":[{"start":{"line":66,"column":4},"end":{"line":66,"column":24}},{"start":{"line":67,"column":5},"end":{"line":67,"column":23}},{"start":{"line":67,"column":27},"end":{"line":67,"column":66}},{"start":{"line":68,"column":5},"end":{"line":68,"column":18}},{"start":{"line":68,"column":22},"end":{"line":68,"column":55}}]},"5":{"loc":{"start":{"line":86,"column":2},"end":{"line":88,"column":null}},"type":"if","locations":[{"start":{"line":86,"column":2},"end":{"line":88,"column":null}}]}},"s":{"0":1,"1":1,"2":1,"3":1,"4":1,"5":1,"6":2,"7":2,"8":4,"9":2,"10":1,"11":1,"12":1,"13":2,"14":2,"15":1,"16":1,"17":1,"18":1,"19":1,"20":3,"21":3,"22":3,"23":5,"24":3,"25":2,"26":1,"27":1,"28":1,"29":2,"30":2,"31":3,"32":2,"33":1,"34":1,"35":1,"36":1},"f":{"0":1,"1":2,"2":4,"3":2,"4":3,"5":5,"6":2,"7":3},"b":{"0":[1],"1":[1],"2":[2,2],"3":[2],"4":[3,2,2,1,0],"5":[1]}}
}
