TN:
SF:src/app.ts
FNF:0
FNH:0
DA:1,1
DA:2,1
DA:3,1
DA:5,1
DA:7,1
DA:9,1
DA:11,1
DA:13,1
DA:15,1
LF:9
LH:9
BRF:0
BRH:0
end_of_record
TN:
SF:src/routes/todos.ts
FN:25,(anonymous_1)
FN:30,(anonymous_2)
FN:32,(anonymous_3)
FN:42,(anonymous_4)
FN:60,(anonymous_5)
FN:63,(anonymous_6)
FN:82,(anonymous_7)
FN:84,(anonymous_8)
FNF:8
FNH:8
FNDA:1,(anonymous_1)
FNDA:2,(anonymous_2)
FNDA:4,(anonymous_3)
FNDA:2,(anonymous_4)
FNDA:3,(anonymous_5)
FNDA:5,(anonymous_6)
FNDA:2,(anonymous_7)
FNDA:3,(anonymous_8)
DA:1,1
DA:3,1
DA:11,1
DA:25,1
DA:26,1
DA:30,1
DA:31,2
DA:32,4
DA:34,2
DA:35,1
DA:38,1
DA:42,1
DA:43,2
DA:44,2
DA:45,1
DA:48,1
DA:54,1
DA:56,1
DA:60,1
DA:61,3
DA:62,3
DA:63,5
DA:65,3
DA:70,2
DA:73,1
DA:78,1
DA:82,1
DA:83,2
DA:84,3
DA:86,2
DA:87,1
DA:90,1
DA:92,1
DA:95,1
LF:34
LH:34
BRDA:34,0,0,1
BRDA:44,1,0,1
BRDA:44,2,0,2
BRDA:44,2,1,2
BRDA:65,3,0,2
BRDA:66,4,0,3
BRDA:66,4,1,2
BRDA:66,4,2,2
BRDA:66,4,3,1
BRDA:66,4,4,0
BRDA:86,5,0,1
BRF:11
BRH:10
end_of_record
